[2024-10-25 20:49:29.442822 +00:00] INFO [rust_market::logging] src/logging.rs:42: Logger initialized at 2024-10-25 20:49:29.442815282 UTC
[2024-10-25 20:49:29.442918 +00:00] INFO [rust_market::logging] src/logging.rs:43: Log level set to debug,r2d2=error,diesel=warn
[2024-10-25 20:49:29.442928 +00:00] INFO [rust_market::logging] src/logging.rs:44: ----------------------------------------
[2024-10-25 20:49:29.442958 +00:00] INFO [rust_market::test_helpers] src/test_helpers.rs:35: Running test setup at 2024-10-25 20:49:29.442955532 UTC
[2024-10-25 20:49:29.442973 +00:00] INFO [models_tests] tests/models_tests.rs:18: Starting setup_test_db
[2024-10-25 20:49:29.443007 +00:00] INFO [models_tests] tests/models_tests.rs:28: Attempting to connect to test database: postgres:**jtdev:dev****@localhost*rust*market*test
[2024-10-25 20:49:29.443210 +00:00] INFO [rust_market::test_helpers] src/test_helpers.rs:35: Running test setup at 2024-10-25 20:49:29.443200566 UTC
[2024-10-25 20:49:29.443245 +00:00] INFO [models_tests] tests/models_tests.rs:18: Starting setup_test_db
[2024-10-25 20:49:29.443241 +00:00] INFO [rust_market::test_helpers] src/test_helpers.rs:35: Running test setup at 2024-10-25 20:49:29.443232484 UTC
[2024-10-25 20:49:29.443273 +00:00] INFO [models_tests] tests/models_tests.rs:18: Starting setup_test_db
[2024-10-25 20:49:29.443266 +00:00] INFO [models_tests] tests/models_tests.rs:28: Attempting to connect to test database: postgres:**jtdev:dev****@localhost*rust*market*test
[2024-10-25 20:49:29.443294 +00:00] INFO [models_tests] tests/models_tests.rs:28: Attempting to connect to test database: postgres:**jtdev:dev****@localhost*rust*market*test
[2024-10-25 20:49:29.443526 +00:00] INFO [rust_market::test_helpers] src/test_helpers.rs:35: Running test setup at 2024-10-25 20:49:29.443517409 UTC
[2024-10-25 20:49:29.443560 +00:00] INFO [models_tests] tests/models_tests.rs:18: Starting setup_test_db
[2024-10-25 20:49:29.443418 +00:00] INFO [models_tests] tests/models_tests.rs:162: Starting test_create_new_user
[2024-10-25 20:49:29.443589 +00:00] INFO [models_tests] tests/models_tests.rs:28: Attempting to connect to test database: postgres:**jtdev:dev****@localhost*rust*market*test
[2024-10-25 20:49:29.443480 +00:00] INFO [rust_market::test_helpers] src/test_helpers.rs:35: Running test setup at 2024-10-25 20:49:29.443479100 UTC
[2024-10-25 20:49:29.443488 +00:00] INFO [models_tests] tests/models_tests.rs:164: Setup completed
[2024-10-25 20:49:29.443492 +00:00] INFO [models_tests] tests/models_tests.rs:18: Starting setup_test_db
[2024-10-25 20:49:29.443510 +00:00] INFO [models_tests] tests/models_tests.rs:28: Attempting to connect to test database: postgres:**jtdev:dev****@localhost*rust*market*test
[2024-10-25 20:49:29.444169 +00:00] INFO [rust_market::test_helpers] src/test_helpers.rs:35: Running test setup at 2024-10-25 20:49:29.444161611 UTC
[2024-10-25 20:49:29.444202 +00:00] INFO [models_tests] tests/models_tests.rs:18: Starting setup_test_db
[2024-10-25 20:49:29.444223 +00:00] INFO [models_tests] tests/models_tests.rs:28: Attempting to connect to test database: postgres:**jtdev:dev****@localhost*rust*market*test
[2024-10-25 20:49:29.444071 +00:00] INFO [rust_market::test_helpers] src/test_helpers.rs:35: Running test setup at 2024-10-25 20:49:29.444063255 UTC
[2024-10-25 20:49:29.444123 +00:00] INFO [models_tests] tests/models_tests.rs:18: Starting setup_test_db
[2024-10-25 20:49:29.444241 +00:00] INFO [rust_market::test_helpers] src/test_helpers.rs:35: Running test setup at 2024-10-25 20:49:29.444232878 UTC
[2024-10-25 20:49:29.444271 +00:00] INFO [models_tests] tests/models_tests.rs:18: Starting setup_test_db
[2024-10-25 20:49:29.444149 +00:00] INFO [models_tests] tests/models_tests.rs:28: Attempting to connect to test database: postgres:**jtdev:dev****@localhost*rust*market*test
[2024-10-25 20:49:29.444294 +00:00] INFO [models_tests] tests/models_tests.rs:28: Attempting to connect to test database: postgres:**jtdev:dev****@localhost*rust*market*test
[2024-10-25 20:49:29.472327 +00:00] INFO [models_tests] tests/models_tests.rs:34: Successfully established database connection
[2024-10-25 20:49:29.472530 +00:00] INFO [models_tests] tests/models_tests.rs:34: Successfully established database connection
[2024-10-25 20:49:29.472572 +00:00] INFO [models_tests] tests/models_tests.rs:38: Successfully started test transaction
[2024-10-25 20:49:29.472579 +00:00] INFO [models_tests] tests/models_tests.rs:527: Starting test_bulk_update_products
[2024-10-25 20:49:29.473063 +00:00] INFO [models_tests] tests/models_tests.rs:535: Inserting 500 products...
[2024-10-25 20:49:29.474922 +00:00] INFO [models_tests] tests/models_tests.rs:34: Successfully established database connection
[2024-10-25 20:49:29.476083 +00:00] INFO [models_tests] tests/models_tests.rs:38: Successfully started test transaction
[2024-10-25 20:49:29.476105 +00:00] INFO [models_tests] tests/models_tests.rs:382: Starting test_bulk_insert_users
[2024-10-25 20:49:29.476185 +00:00] INFO [models_tests] tests/models_tests.rs:34: Successfully established database connection
[2024-10-25 20:49:29.479307 +00:00] INFO [models_tests] tests/models_tests.rs:34: Successfully established database connection
[2024-10-25 20:49:29.480659 +00:00] INFO [models_tests] tests/models_tests.rs:38: Successfully started test transaction
[2024-10-25 20:49:29.480677 +00:00] INFO [models_tests] tests/models_tests.rs:167: Database connection established
[2024-10-25 20:49:29.480688 +00:00] INFO [models_tests] tests/models_tests.rs:172: Starting test_create_new_user
[2024-10-25 20:49:29.480894 +00:00] INFO [models_tests] tests/models_tests.rs:38: Successfully started test transaction
[2024-10-25 20:49:29.480912 +00:00] INFO [models_tests] tests/models_tests.rs:434: Starting test_bulk_read_users
[2024-10-25 20:49:29.483800 +00:00] INFO [models_tests] tests/models_tests.rs:38: Successfully started test transaction
[2024-10-25 20:49:29.483852 +00:00] INFO [models_tests] tests/models_tests.rs:34: Successfully established database connection
[2024-10-25 20:49:29.484215 +00:00] INFO [models_tests] tests/models_tests.rs:38: Successfully started test transaction
[2024-10-25 20:49:29.484232 +00:00] INFO [models_tests] tests/models_tests.rs:479: Starting test_complex_query_performance
[2024-10-25 20:49:29.485106 +00:00] INFO [models_tests] tests/models_tests.rs:442: Inserting 1000 users...
[2024-10-25 20:49:29.485020 +00:00] INFO [rust_market::logging] src/logging.rs:100: PERFORMANCE_METRIC - 2024-10-25T20:49:29.485010173+00:00 - Operation: create_user, Status: SUCCESS, Duration: 4.32ms, Type: Database, Details: User ID: 3005
[2024-10-25 20:49:29.485133 +00:00] INFO [models_tests] tests/models_tests.rs:34: Successfully established database connection
[2024-10-25 20:49:29.485059 +00:00] DEBUG [rust_market::logging] src/logging.rs:111: METRIC_JSON {"details":"User ID: 3005","duration_ms":4.316897999999999,"operation":"create_user","success":true,"timestamp":"2024-10-25T20:49:29.485034974+00:00","type":"Database"}
[2024-10-25 20:49:29.485065 +00:00] INFO [models_tests] tests/models_tests.rs:209: Completed test_create_new_user
[2024-10-25 20:49:29.485367 +00:00] INFO [models_tests] tests/models_tests.rs:38: Successfully started test transaction
[2024-10-25 20:49:29.485387 +00:00] INFO [models_tests] tests/models_tests.rs:218: Starting test_insert_duplicate_user
[2024-10-25 20:49:29.487856 +00:00] INFO [models_tests] tests/models_tests.rs:544: Product count before update: 500
[2024-10-25 20:49:29.488152 +00:00] INFO [models_tests] tests/models_tests.rs:34: Successfully established database connection
[2024-10-25 20:49:29.488216 +00:00] INFO [models_tests] tests/models_tests.rs:38: Successfully started test transaction
[2024-10-25 20:49:29.488739 +00:00] INFO [models_tests] tests/models_tests.rs:242: Completed test_insert_duplicate_user
[2024-10-25 20:49:29.489465 +00:00] INFO [rust_market::logging] src/logging.rs:100: PERFORMANCE_METRIC - 2024-10-25T20:49:29.489446600+00:00 - Operation: bulk_update_products, Status: SUCCESS, Duration: 1.55ms, Type: Database, Details: Updated 500 products
